<?xml version="1.0" encoding="UTF-8"?>
<!-- Generated by org.testng.reporters.JUnitXMLReporter -->
<testsuite hostname="i-PC" name="Verify Partner Client Side Validation" tests="1" failures="0" timestamp="23 Apr 2014 11:39:26 GMT" time="0.01" errors="0">
  <testcase name="@BeforeTest isSkipped" time="0.0" classname="com.SL8Z.testcases.Partner.Verify_Partner_Client_Side_Validation">
    <skipped/>
  </testcase> <!-- @BeforeTest isSkipped -->
  <testcase name="VerifyClientSideValidation" time="0.0" classname="com.SL8Z.testcases.Partner.Verify_Partner_Client_Side_Validation">
    <skipped/>
  </testcase> <!-- VerifyClientSideValidation -->
</testsuite> <!-- Verify Partner Client Side Validation -->
