<?xml version="1.0" encoding="UTF-8"?>
<!-- Generated by org.testng.reporters.JUnitXMLReporter -->
<testsuite hostname="i-PC" name="Verify Action Buttons Single Job Dashboard" tests="1" failures="1" timestamp="18 Feb 2014 10:00:48 GMT" time="154.948" errors="0">
  <testcase name="VerifyActionButtonsSingleJobDashboard" time="154.941" classname="com.SL8Z.testcases.Verify_Action_Buttons_Single_Job_Dashboard">
    <failure type="java.lang.AssertionError" message="Confirm button does not working expected [true] but found [false]">
      <![CDATA[java.lang.AssertionError: Confirm button does not working expected [true] but found [false]
	at com.SL8Z.utility.TestUtil.VerifyActionButtonsSingleJobDashboard(TestUtil.java:1594)
	at com.SL8Z.testcases.Verify_Action_Buttons_Single_Job_Dashboard.VerifyActionButtonsSingleJobDashboard(Verify_Action_Buttons_Single_Job_Dashboard.java:27)
... Removed 27 stack frames]]>
    </failure>
  </testcase> <!-- VerifyActionButtonsSingleJobDashboard -->
</testsuite> <!-- Verify Action Buttons Single Job Dashboard -->
