<?xml version="1.0" encoding="UTF-8"?>
<!-- Generated by org.testng.reporters.JUnitXMLReporter -->
<testsuite hostname="i-PC" name="Verify Action Buttons" tests="1" failures="0" timestamp="18 Feb 2014 09:58:13 GMT" time="0.004" errors="0">
  <testcase name="@BeforeTest isSkipped" time="0.0" classname="com.SL8Z.testcases.Verify_Action_Buttons">
    <skipped/>
  </testcase> <!-- @BeforeTest isSkipped -->
  <testcase name="VerifyActionButtons" time="0.0" classname="com.SL8Z.testcases.Verify_Action_Buttons">
    <skipped/>
  </testcase> <!-- VerifyActionButtons -->
</testsuite> <!-- Verify Action Buttons -->
