<?xml version="1.0" encoding="UTF-8"?>
<!-- Generated by org.testng.reporters.JUnitXMLReporter -->
<testsuite hostname="i-PC" name="Verify Candidate Is Presented" tests="1" failures="0" timestamp="23 Apr 2014 11:39:26 GMT" time="0.012" errors="0">
  <testcase name="@BeforeTest isSkipped" time="0.0" classname="com.SL8Z.testcases.Partner.Verify_Candidate_Is_Presented">
    <skipped/>
  </testcase> <!-- @BeforeTest isSkipped -->
  <testcase name="VerifyCandidateIsPresented" time="0.0" classname="com.SL8Z.testcases.Partner.Verify_Candidate_Is_Presented">
    <skipped/>
  </testcase> <!-- VerifyCandidateIsPresented -->
</testsuite> <!-- Verify Candidate Is Presented -->
