<?xml version="1.0" encoding="UTF-8"?>
<!-- Generated by org.testng.reporters.JUnitXMLReporter -->
<testsuite hostname="i-PC" name="Verify Quick Preview Buttons" tests="1" failures="0" timestamp="18 Feb 2014 09:58:13 GMT" time="0.014" errors="0">
  <testcase name="@BeforeTest isSkipped" time="0.0" classname="com.SL8Z.testcases.Verify_Quick_Preview_Buttons">
    <skipped/>
  </testcase> <!-- @BeforeTest isSkipped -->
  <testcase name="VerifyQuickPreviewButtons" time="0.0" classname="com.SL8Z.testcases.Verify_Quick_Preview_Buttons">
    <skipped/>
  </testcase> <!-- VerifyQuickPreviewButtons -->
</testsuite> <!-- Verify Quick Preview Buttons -->
