<?xml version="1.0" encoding="UTF-8"?>
<testsuite name="Verify Engagement Dashboard Page Links"
           tests="2"
           failures="0"
           errors="0"
           skipped="2"
           time="0.000">
  <properties />
  
            <testcase name="isSkipped" time="0.0" classname="com.SL8Z.testcases.Client.Verify_Engagement_Dashboard_Page_Links">
          <skipped />
    </testcase>
            <testcase name="VerifyEngagementDashboardPageLinks" time="0.0" classname="com.SL8Z.testcases.Client.Verify_Engagement_Dashboard_Page_Links">
          <skipped />
    </testcase>
  
  
</testsuite>
