<?xml version="1.0" encoding="UTF-8"?>
<testsuite name="Verify Action Buttons Single Job Dashboard"
           tests="2"
           failures="0"
           errors="0"
           skipped="2"
           time="0.000">
  <properties />
  
            <testcase name="isSkipped" time="0.0" classname="com.SL8Z.testcases.Client.Verify_Action_Buttons_Single_Job_Dashboard">
          <skipped />
    </testcase>
            <testcase name="VerifyActionButtonsSingleJobDashboard" time="0.0" classname="com.SL8Z.testcases.Client.Verify_Action_Buttons_Single_Job_Dashboard">
          <skipped />
    </testcase>
  
  
</testsuite>
