<?xml version="1.0" encoding="UTF-8"?>
<testsuite name="Verify Server Side Validation"
           tests="2"
           failures="0"
           errors="0"
           skipped="2"
           time="0.001">
  <properties />
  
            <testcase name="isSkipped" time="0.0" classname="com.SL8Z.testcases.Verify_Server_Side_Validation">
          <skipped />
    </testcase>
            <testcase name="VerifyServerSideValidation" time="0.0" classname="com.SL8Z.testcases.Verify_Server_Side_Validation">
          <skipped />
    </testcase>
  
  
</testsuite>
