<?xml version="1.0" encoding="UTF-8"?>
<testsuite name="TestSuite" time="124.206" tests="32" errors="0" skipped="31" failures="0">
  <properties>
[...]
</properties>
  <testcase name="isSkipped" classname="com.SL8Z.testcases.Client.Create_New_Search" time="0">
    <skipped/>
    <system-err><![CDATA[Starting ChromeDriver (v2.8.241075) on port 12247
]]></system-err>
  </testcase>
  <testcase name="CreateNewSearch" classname="com.SL8Z.testcases.Client.Create_New_Search" time="0">
    <skipped/>
  </testcase>
  <testcase name="CreateNewSearch" classname="com.SL8Z.testcases.Client.Create_New_Search" time="0">
    <skipped/>
  </testcase>
  <testcase name="isSkipped" classname="com.SL8Z.testcases.Client.Verify_Client_Side_Validation" time="0">
    <skipped/>
  </testcase>
  <testcase name="VerifyClientSideValidation" classname="com.SL8Z.testcases.Client.Verify_Client_Side_Validation" time="0">
    <skipped/>
  </testcase>
  <testcase name="isSkipped" classname="com.SL8Z.testcases.Client.Verify_Server_Side_Validation" time="0">
    <skipped/>
  </testcase>
  <testcase name="VerifyServerSideValidation" classname="com.SL8Z.testcases.Client.Verify_Server_Side_Validation" time="0">
    <skipped/>
  </testcase>
  <testcase name="isSkipped" classname="com.SL8Z.testcases.Client.Verify_Quick_Preview_Buttons" time="0">
    <skipped/>
  </testcase>
  <testcase name="VerifyQuickPreviewButtons" classname="com.SL8Z.testcases.Client.Verify_Quick_Preview_Buttons" time="0">
    <skipped/>
  </testcase>
  <testcase name="isSkipped" classname="com.SL8Z.testcases.Client.Verify_Placement_Fee" time="0">
    <skipped/>
  </testcase>
  <testcase name="VerifyPlacementFee" classname="com.SL8Z.testcases.Client.Verify_Placement_Fee" time="0">
    <skipped/>
  </testcase>
  <testcase name="isSkipped" classname="com.SL8Z.testcases.Client.Verify_Engagement_Dashboard_Page_Links" time="0">
    <skipped/>
  </testcase>
  <testcase name="VerifyEngagementDashboardPageLinks" classname="com.SL8Z.testcases.Client.Verify_Engagement_Dashboard_Page_Links" time="0">
    <skipped/>
  </testcase>
  <testcase name="isSkipped" classname="com.SL8Z.testcases.Client.Verify_Action_Buttons" time="0">
    <skipped/>
  </testcase>
  <testcase name="VerifyActionButtons" classname="com.SL8Z.testcases.Client.Verify_Action_Buttons" time="0">
    <skipped/>
  </testcase>
  <testcase name="VerifyActionButtons" classname="com.SL8Z.testcases.Client.Verify_Action_Buttons" time="0">
    <skipped/>
  </testcase>
  <testcase name="isSkipped" classname="com.SL8Z.testcases.Client.Verify_Corresponding_Numbers" time="0">
    <skipped/>
  </testcase>
  <testcase name="VerifyCorrespondingNumbers" classname="com.SL8Z.testcases.Client.Verify_Corresponding_Numbers" time="0">
    <skipped/>
  </testcase>
  <testcase name="isSkipped" classname="com.SL8Z.testcases.Client.Verify_Corresponding_Number_Single_Job_Dashboard$Verify_Corresponding_Numbers" time="0">
    <skipped/>
  </testcase>
  <testcase name="VerifyCorrespondingNumberSingleJobDashboard" classname="com.SL8Z.testcases.Client.Verify_Corresponding_Number_Single_Job_Dashboard$Verify_Corresponding_Numbers" time="0">
    <skipped/>
  </testcase>
  <testcase name="isSkipped" classname="com.SL8Z.testcases.Client.Verify_Action_Buttons_Single_Job_Dashboard" time="0">
    <skipped/>
  </testcase>
  <testcase name="VerifyActionButtonsSingleJobDashboard" classname="com.SL8Z.testcases.Client.Verify_Action_Buttons_Single_Job_Dashboard" time="0">
    <skipped/>
  </testcase>
  <testcase name="VerifyActionButtonsSingleJobDashboard" classname="com.SL8Z.testcases.Client.Verify_Action_Buttons_Single_Job_Dashboard" time="0">
    <skipped/>
  </testcase>
  <testcase name="isSkipped" classname="com.SL8Z.testcases.Partner.Verify_Candidate_Is_Presented" time="0">
    <skipped/>
  </testcase>
  <testcase name="VerifyCandidateIsPresented" classname="com.SL8Z.testcases.Partner.Verify_Candidate_Is_Presented" time="0">
    <skipped/>
  </testcase>
  <testcase name="isSkipped" classname="com.SL8Z.testcases.Partner.Verify_Partner_Client_Side_Validation" time="0">
    <skipped/>
  </testcase>
  <testcase name="VerifyPartnerClientSideValidation" classname="com.SL8Z.testcases.Partner.Verify_Partner_Client_Side_Validation" time="0">
    <skipped/>
  </testcase>
  <testcase name="isSkipped" classname="com.SL8Z.testcases.Partner.Verify_Partner_Server_Side_Validation" time="0">
    <skipped/>
  </testcase>
  <testcase name="VerifyPartnerServerSideValidation" classname="com.SL8Z.testcases.Partner.Verify_Partner_Server_Side_Validation" time="0">
    <skipped/>
  </testcase>
  <testcase name="VerifyPartnerQuickPreviewButtons" classname="com.SL8Z.testcases.Partner.Verify_Partner_Quick_Preview_Buttons" time="124.206"/>
  <testcase name="isSkipped" classname="com.SL8Z.testcases.Partner.Verify_Partner_Side_Engagement_Dashboard_Page_Links" time="0">
    <skipped/>
  </testcase>
  <testcase name="VerifyPartnerSideEngagementDashboardPageLinks" classname="com.SL8Z.testcases.Partner.Verify_Partner_Side_Engagement_Dashboard_Page_Links" time="0">
    <skipped/>
  </testcase>
</testsuite>