<?xml version="1.0" encoding="UTF-8"?>
<testng-results skipped="17" failed="1" total="18" passed="0">
  <reporter-output>
    <line>
      <![CDATA[Navigated to QA Server]]>
    </line>
    <line>
      <![CDATA[Clicked on Login Link]]>
    </line>
    <line>
      <![CDATA[Clicked on Login button]]>
    </line>
    <line>
      <![CDATA[Clicked on Profile Link]]>
    </line>
    <line>
      <![CDATA[Verified Profile link is navigated to profile page]]>
    </line>
    <line>
      <![CDATA[Clicked on Dashboard Link]]>
    </line>
    <line>
      <![CDATA[Verified Dashboard link is navigated to Engagement Dashboard page]]>
    </line>
    <line>
      <![CDATA[Verified Position link is navigated to single job dashboard page]]>
    </line>
  </reporter-output>
  <suite name="SL8Z Test Suite" duration-ms="53236" started-at="2014-05-14T06:29:51Z" finished-at="2014-05-14T06:30:44Z">
    <groups>
    </groups>
    <test name="Create New Search" duration-ms="634" started-at="2014-05-14T06:29:51Z" finished-at="2014-05-14T06:29:51Z">
      <class name="com.SL8Z.testcases.Client.Create_New_Search">
        <test-method status="PASS" signature="clearCookies()[pri:0, instance:com.SL8Z.testcases.Client.Create_New_Search@14feea]" name="clearCookies" is-config="true" duration-ms="591" started-at="2014-05-14T11:59:51Z" finished-at="2014-05-14T11:59:51Z">
          <reporter-output>
          </reporter-output>
        </test-method> <!-- clearCookies -->
        <test-method status="SKIP" signature="isSkipped()[pri:0, instance:com.SL8Z.testcases.Client.Create_New_Search@14feea]" name="isSkipped" is-config="true" duration-ms="0" started-at="2014-05-14T11:59:51Z" depends-on-methods="com.SL8Z.base.TestBase.clearCookies" finished-at="2014-05-14T11:59:51Z">
          <exception class="org.testng.SkipException">
            <message>
              <![CDATA[Runmode set to No]]>
            </message>
            <full-stacktrace>
              <![CDATA[org.testng.SkipException: Runmode set to No
	at com.SL8Z.testcases.Client.Create_New_Search.isSkipped(Create_New_Search.java:19)
	at sun.reflect.NativeMethodAccessorImpl.invoke0(Native Method)
	at sun.reflect.NativeMethodAccessorImpl.invoke(NativeMethodAccessorImpl.java:57)
	at sun.reflect.DelegatingMethodAccessorImpl.invoke(DelegatingMethodAccessorImpl.java:43)
	at java.lang.reflect.Method.invoke(Method.java:606)
	at org.testng.internal.MethodInvocationHelper.invokeMethod(MethodInvocationHelper.java:84)
	at org.testng.internal.Invoker.invokeConfigurationMethod(Invoker.java:564)
	at org.testng.internal.Invoker.invokeConfigurations(Invoker.java:213)
	at org.testng.internal.Invoker.invokeConfigurations(Invoker.java:138)
	at org.testng.TestRunner.beforeRun(TestRunner.java:641)
	at org.testng.TestRunner.run(TestRunner.java:609)
	at org.testng.SuiteRunner.runTest(SuiteRunner.java:334)
	at org.testng.SuiteRunner.runSequentially(SuiteRunner.java:329)
	at org.testng.SuiteRunner.privateRun(SuiteRunner.java:291)
	at org.testng.SuiteRunner.run(SuiteRunner.java:240)
	at org.testng.SuiteRunnerWorker.runSuite(SuiteRunnerWorker.java:52)
	at org.testng.SuiteRunnerWorker.run(SuiteRunnerWorker.java:86)
	at org.testng.TestNG.runSuitesSequentially(TestNG.java:1224)
	at org.testng.TestNG.runSuitesLocally(TestNG.java:1149)
	at org.testng.TestNG.run(TestNG.java:1057)
	at org.testng.remote.RemoteTestNG.run(RemoteTestNG.java:111)
	at org.testng.remote.RemoteTestNG.initAndRun(RemoteTestNG.java:204)
	at org.testng.remote.RemoteTestNG.main(RemoteTestNG.java:175)
]]>
            </full-stacktrace>
          </exception> <!-- org.testng.SkipException -->
          <reporter-output>
          </reporter-output>
        </test-method> <!-- isSkipped -->
        <test-method status="SKIP" signature="CreateNewSearch(java.lang.String)[pri:0, instance:com.SL8Z.testcases.Client.Create_New_Search@14feea]" name="CreateNewSearch" duration-ms="1" started-at="2014-05-14T11:59:51Z" data-provider="getData" finished-at="2014-05-14T11:59:51Z">
          <params>
            <param index="0">
              <value>
                <![CDATA[Post 7]]>
              </value>
            </param>
          </params>
          <reporter-output>
          </reporter-output>
        </test-method> <!-- CreateNewSearch -->
        <test-method status="SKIP" signature="CreateNewSearch(java.lang.String)[pri:0, instance:com.SL8Z.testcases.Client.Create_New_Search@14feea]" name="CreateNewSearch" duration-ms="0" started-at="2014-05-14T11:59:51Z" data-provider="getData" finished-at="2014-05-14T11:59:51Z">
          <params>
            <param index="0">
              <value>
                <![CDATA[Post 8]]>
              </value>
            </param>
          </params>
          <reporter-output>
          </reporter-output>
        </test-method> <!-- CreateNewSearch -->
      </class> <!-- com.SL8Z.testcases.Client.Create_New_Search -->
    </test> <!-- Create New Search -->
    <test name="Verify Client Side Validation" duration-ms="7" started-at="2014-05-14T06:29:51Z" finished-at="2014-05-14T06:29:51Z">
      <class name="com.SL8Z.testcases.Client.Verify_Client_Side_Validation">
        <test-method status="PASS" signature="clearCookies()[pri:0, instance:com.SL8Z.testcases.Client.Verify_Client_Side_Validation@1eed0fb]" name="clearCookies" is-config="true" duration-ms="3" started-at="2014-05-14T11:59:51Z" finished-at="2014-05-14T11:59:51Z">
          <reporter-output>
          </reporter-output>
        </test-method> <!-- clearCookies -->
        <test-method status="SKIP" signature="isSkipped()[pri:0, instance:com.SL8Z.testcases.Client.Verify_Client_Side_Validation@1eed0fb]" name="isSkipped" is-config="true" duration-ms="0" started-at="2014-05-14T11:59:51Z" depends-on-methods="com.SL8Z.base.TestBase.clearCookies" finished-at="2014-05-14T11:59:51Z">
          <exception class="org.testng.SkipException">
            <message>
              <![CDATA[Runmode set to No]]>
            </message>
            <full-stacktrace>
              <![CDATA[org.testng.SkipException: Runmode set to No
	at com.SL8Z.testcases.Client.Verify_Client_Side_Validation.isSkipped(Verify_Client_Side_Validation.java:17)
	at sun.reflect.NativeMethodAccessorImpl.invoke0(Native Method)
	at sun.reflect.NativeMethodAccessorImpl.invoke(NativeMethodAccessorImpl.java:57)
	at sun.reflect.DelegatingMethodAccessorImpl.invoke(DelegatingMethodAccessorImpl.java:43)
	at java.lang.reflect.Method.invoke(Method.java:606)
	at org.testng.internal.MethodInvocationHelper.invokeMethod(MethodInvocationHelper.java:84)
	at org.testng.internal.Invoker.invokeConfigurationMethod(Invoker.java:564)
	at org.testng.internal.Invoker.invokeConfigurations(Invoker.java:213)
	at org.testng.internal.Invoker.invokeConfigurations(Invoker.java:138)
	at org.testng.TestRunner.beforeRun(TestRunner.java:641)
	at org.testng.TestRunner.run(TestRunner.java:609)
	at org.testng.SuiteRunner.runTest(SuiteRunner.java:334)
	at org.testng.SuiteRunner.runSequentially(SuiteRunner.java:329)
	at org.testng.SuiteRunner.privateRun(SuiteRunner.java:291)
	at org.testng.SuiteRunner.run(SuiteRunner.java:240)
	at org.testng.SuiteRunnerWorker.runSuite(SuiteRunnerWorker.java:52)
	at org.testng.SuiteRunnerWorker.run(SuiteRunnerWorker.java:86)
	at org.testng.TestNG.runSuitesSequentially(TestNG.java:1224)
	at org.testng.TestNG.runSuitesLocally(TestNG.java:1149)
	at org.testng.TestNG.run(TestNG.java:1057)
	at org.testng.remote.RemoteTestNG.run(RemoteTestNG.java:111)
	at org.testng.remote.RemoteTestNG.initAndRun(RemoteTestNG.java:204)
	at org.testng.remote.RemoteTestNG.main(RemoteTestNG.java:175)
]]>
            </full-stacktrace>
          </exception> <!-- org.testng.SkipException -->
          <reporter-output>
          </reporter-output>
        </test-method> <!-- isSkipped -->
        <test-method status="SKIP" signature="VerifyClientSideValidation()[pri:0, instance:com.SL8Z.testcases.Client.Verify_Client_Side_Validation@1eed0fb]" name="VerifyClientSideValidation" duration-ms="2" started-at="2014-05-14T11:59:51Z" finished-at="2014-05-14T11:59:51Z">
          <reporter-output>
          </reporter-output>
        </test-method> <!-- VerifyClientSideValidation -->
      </class> <!-- com.SL8Z.testcases.Client.Verify_Client_Side_Validation -->
    </test> <!-- Verify Client Side Validation -->
    <test name="Verify Server Side Validation" duration-ms="8" started-at="2014-05-14T06:29:51Z" finished-at="2014-05-14T06:29:51Z">
      <class name="com.SL8Z.testcases.Client.Verify_Server_Side_Validation">
        <test-method status="PASS" signature="clearCookies()[pri:0, instance:com.SL8Z.testcases.Client.Verify_Server_Side_Validation@2c79a5]" name="clearCookies" is-config="true" duration-ms="6" started-at="2014-05-14T11:59:51Z" finished-at="2014-05-14T11:59:51Z">
          <reporter-output>
          </reporter-output>
        </test-method> <!-- clearCookies -->
        <test-method status="SKIP" signature="isSkipped()[pri:0, instance:com.SL8Z.testcases.Client.Verify_Server_Side_Validation@2c79a5]" name="isSkipped" is-config="true" duration-ms="0" started-at="2014-05-14T11:59:51Z" depends-on-methods="com.SL8Z.base.TestBase.clearCookies" finished-at="2014-05-14T11:59:51Z">
          <exception class="org.testng.SkipException">
            <message>
              <![CDATA[Runmode set to No]]>
            </message>
            <full-stacktrace>
              <![CDATA[org.testng.SkipException: Runmode set to No
	at com.SL8Z.testcases.Client.Verify_Server_Side_Validation.isSkipped(Verify_Server_Side_Validation.java:15)
	at sun.reflect.NativeMethodAccessorImpl.invoke0(Native Method)
	at sun.reflect.NativeMethodAccessorImpl.invoke(NativeMethodAccessorImpl.java:57)
	at sun.reflect.DelegatingMethodAccessorImpl.invoke(DelegatingMethodAccessorImpl.java:43)
	at java.lang.reflect.Method.invoke(Method.java:606)
	at org.testng.internal.MethodInvocationHelper.invokeMethod(MethodInvocationHelper.java:84)
	at org.testng.internal.Invoker.invokeConfigurationMethod(Invoker.java:564)
	at org.testng.internal.Invoker.invokeConfigurations(Invoker.java:213)
	at org.testng.internal.Invoker.invokeConfigurations(Invoker.java:138)
	at org.testng.TestRunner.beforeRun(TestRunner.java:641)
	at org.testng.TestRunner.run(TestRunner.java:609)
	at org.testng.SuiteRunner.runTest(SuiteRunner.java:334)
	at org.testng.SuiteRunner.runSequentially(SuiteRunner.java:329)
	at org.testng.SuiteRunner.privateRun(SuiteRunner.java:291)
	at org.testng.SuiteRunner.run(SuiteRunner.java:240)
	at org.testng.SuiteRunnerWorker.runSuite(SuiteRunnerWorker.java:52)
	at org.testng.SuiteRunnerWorker.run(SuiteRunnerWorker.java:86)
	at org.testng.TestNG.runSuitesSequentially(TestNG.java:1224)
	at org.testng.TestNG.runSuitesLocally(TestNG.java:1149)
	at org.testng.TestNG.run(TestNG.java:1057)
	at org.testng.remote.RemoteTestNG.run(RemoteTestNG.java:111)
	at org.testng.remote.RemoteTestNG.initAndRun(RemoteTestNG.java:204)
	at org.testng.remote.RemoteTestNG.main(RemoteTestNG.java:175)
]]>
            </full-stacktrace>
          </exception> <!-- org.testng.SkipException -->
          <reporter-output>
          </reporter-output>
        </test-method> <!-- isSkipped -->
        <test-method status="SKIP" signature="VerifyServerSideValidation()[pri:0, instance:com.SL8Z.testcases.Client.Verify_Server_Side_Validation@2c79a5]" name="VerifyServerSideValidation" duration-ms="1" started-at="2014-05-14T11:59:51Z" finished-at="2014-05-14T11:59:51Z">
          <reporter-output>
          </reporter-output>
        </test-method> <!-- VerifyServerSideValidation -->
      </class> <!-- com.SL8Z.testcases.Client.Verify_Server_Side_Validation -->
    </test> <!-- Verify Server Side Validation -->
    <test name="Verify Quick Preview Buttons" duration-ms="8" started-at="2014-05-14T06:29:51Z" finished-at="2014-05-14T06:29:51Z">
      <class name="com.SL8Z.testcases.Client.Verify_Quick_Preview_Buttons">
        <test-method status="PASS" signature="clearCookies()[pri:0, instance:com.SL8Z.testcases.Client.Verify_Quick_Preview_Buttons@d7cf62]" name="clearCookies" is-config="true" duration-ms="5" started-at="2014-05-14T11:59:51Z" finished-at="2014-05-14T11:59:51Z">
          <reporter-output>
          </reporter-output>
        </test-method> <!-- clearCookies -->
        <test-method status="SKIP" signature="isSkipped()[pri:0, instance:com.SL8Z.testcases.Client.Verify_Quick_Preview_Buttons@d7cf62]" name="isSkipped" is-config="true" duration-ms="0" started-at="2014-05-14T11:59:51Z" depends-on-methods="com.SL8Z.base.TestBase.clearCookies" finished-at="2014-05-14T11:59:51Z">
          <exception class="org.testng.SkipException">
            <message>
              <![CDATA[Runmode set to No]]>
            </message>
            <full-stacktrace>
              <![CDATA[org.testng.SkipException: Runmode set to No
	at com.SL8Z.testcases.Client.Verify_Quick_Preview_Buttons.isSkipped(Verify_Quick_Preview_Buttons.java:17)
	at sun.reflect.NativeMethodAccessorImpl.invoke0(Native Method)
	at sun.reflect.NativeMethodAccessorImpl.invoke(NativeMethodAccessorImpl.java:57)
	at sun.reflect.DelegatingMethodAccessorImpl.invoke(DelegatingMethodAccessorImpl.java:43)
	at java.lang.reflect.Method.invoke(Method.java:606)
	at org.testng.internal.MethodInvocationHelper.invokeMethod(MethodInvocationHelper.java:84)
	at org.testng.internal.Invoker.invokeConfigurationMethod(Invoker.java:564)
	at org.testng.internal.Invoker.invokeConfigurations(Invoker.java:213)
	at org.testng.internal.Invoker.invokeConfigurations(Invoker.java:138)
	at org.testng.TestRunner.beforeRun(TestRunner.java:641)
	at org.testng.TestRunner.run(TestRunner.java:609)
	at org.testng.SuiteRunner.runTest(SuiteRunner.java:334)
	at org.testng.SuiteRunner.runSequentially(SuiteRunner.java:329)
	at org.testng.SuiteRunner.privateRun(SuiteRunner.java:291)
	at org.testng.SuiteRunner.run(SuiteRunner.java:240)
	at org.testng.SuiteRunnerWorker.runSuite(SuiteRunnerWorker.java:52)
	at org.testng.SuiteRunnerWorker.run(SuiteRunnerWorker.java:86)
	at org.testng.TestNG.runSuitesSequentially(TestNG.java:1224)
	at org.testng.TestNG.runSuitesLocally(TestNG.java:1149)
	at org.testng.TestNG.run(TestNG.java:1057)
	at org.testng.remote.RemoteTestNG.run(RemoteTestNG.java:111)
	at org.testng.remote.RemoteTestNG.initAndRun(RemoteTestNG.java:204)
	at org.testng.remote.RemoteTestNG.main(RemoteTestNG.java:175)
]]>
            </full-stacktrace>
          </exception> <!-- org.testng.SkipException -->
          <reporter-output>
          </reporter-output>
        </test-method> <!-- isSkipped -->
        <test-method status="SKIP" signature="VerifyQuickPreviewButtons()[pri:0, instance:com.SL8Z.testcases.Client.Verify_Quick_Preview_Buttons@d7cf62]" name="VerifyQuickPreviewButtons" duration-ms="2" started-at="2014-05-14T11:59:51Z" finished-at="2014-05-14T11:59:51Z">
          <reporter-output>
          </reporter-output>
        </test-method> <!-- VerifyQuickPreviewButtons -->
      </class> <!-- com.SL8Z.testcases.Client.Verify_Quick_Preview_Buttons -->
    </test> <!-- Verify Quick Preview Buttons -->
    <test name="Verify Placement Fee" duration-ms="2" started-at="2014-05-14T06:29:51Z" finished-at="2014-05-14T06:29:51Z">
      <class name="com.SL8Z.testcases.Client.Verify_Placement_Fee">
        <test-method status="SKIP" signature="isSkipped()[pri:0, instance:com.SL8Z.testcases.Client.Verify_Placement_Fee@aea981]" name="isSkipped" is-config="true" duration-ms="0" started-at="2014-05-14T11:59:51Z" finished-at="2014-05-14T11:59:51Z">
          <exception class="org.testng.SkipException">
            <message>
              <![CDATA[Runmode set to No]]>
            </message>
            <full-stacktrace>
              <![CDATA[org.testng.SkipException: Runmode set to No
	at com.SL8Z.testcases.Client.Verify_Placement_Fee.isSkipped(Verify_Placement_Fee.java:15)
	at sun.reflect.NativeMethodAccessorImpl.invoke0(Native Method)
	at sun.reflect.NativeMethodAccessorImpl.invoke(NativeMethodAccessorImpl.java:57)
	at sun.reflect.DelegatingMethodAccessorImpl.invoke(DelegatingMethodAccessorImpl.java:43)
	at java.lang.reflect.Method.invoke(Method.java:606)
	at org.testng.internal.MethodInvocationHelper.invokeMethod(MethodInvocationHelper.java:84)
	at org.testng.internal.Invoker.invokeConfigurationMethod(Invoker.java:564)
	at org.testng.internal.Invoker.invokeConfigurations(Invoker.java:213)
	at org.testng.internal.Invoker.invokeConfigurations(Invoker.java:138)
	at org.testng.TestRunner.beforeRun(TestRunner.java:641)
	at org.testng.TestRunner.run(TestRunner.java:609)
	at org.testng.SuiteRunner.runTest(SuiteRunner.java:334)
	at org.testng.SuiteRunner.runSequentially(SuiteRunner.java:329)
	at org.testng.SuiteRunner.privateRun(SuiteRunner.java:291)
	at org.testng.SuiteRunner.run(SuiteRunner.java:240)
	at org.testng.SuiteRunnerWorker.runSuite(SuiteRunnerWorker.java:52)
	at org.testng.SuiteRunnerWorker.run(SuiteRunnerWorker.java:86)
	at org.testng.TestNG.runSuitesSequentially(TestNG.java:1224)
	at org.testng.TestNG.runSuitesLocally(TestNG.java:1149)
	at org.testng.TestNG.run(TestNG.java:1057)
	at org.testng.remote.RemoteTestNG.run(RemoteTestNG.java:111)
	at org.testng.remote.RemoteTestNG.initAndRun(RemoteTestNG.java:204)
	at org.testng.remote.RemoteTestNG.main(RemoteTestNG.java:175)
]]>
            </full-stacktrace>
          </exception> <!-- org.testng.SkipException -->
          <reporter-output>
          </reporter-output>
        </test-method> <!-- isSkipped -->
        <test-method status="SKIP" signature="VerifyPlacementFee()[pri:0, instance:com.SL8Z.testcases.Client.Verify_Placement_Fee@aea981]" name="VerifyPlacementFee" duration-ms="0" started-at="2014-05-14T11:59:51Z" finished-at="2014-05-14T11:59:51Z">
          <reporter-output>
          </reporter-output>
        </test-method> <!-- VerifyPlacementFee -->
      </class> <!-- com.SL8Z.testcases.Client.Verify_Placement_Fee -->
    </test> <!-- Verify Placement Fee -->
    <test name="Verify Engagement Dashboard Page Links" duration-ms="2" started-at="2014-05-14T06:29:51Z" finished-at="2014-05-14T06:29:51Z">
      <class name="com.SL8Z.testcases.Client.Verify_Engagement_Dashboard_Page_Links">
        <test-method status="SKIP" signature="isSkipped()[pri:0, instance:com.SL8Z.testcases.Client.Verify_Engagement_Dashboard_Page_Links@c91629]" name="isSkipped" is-config="true" duration-ms="0" started-at="2014-05-14T11:59:51Z" finished-at="2014-05-14T11:59:51Z">
          <exception class="org.testng.SkipException">
            <message>
              <![CDATA[Runmode set to No]]>
            </message>
            <full-stacktrace>
              <![CDATA[org.testng.SkipException: Runmode set to No
	at com.SL8Z.testcases.Client.Verify_Engagement_Dashboard_Page_Links.isSkipped(Verify_Engagement_Dashboard_Page_Links.java:15)
	at sun.reflect.NativeMethodAccessorImpl.invoke0(Native Method)
	at sun.reflect.NativeMethodAccessorImpl.invoke(NativeMethodAccessorImpl.java:57)
	at sun.reflect.DelegatingMethodAccessorImpl.invoke(DelegatingMethodAccessorImpl.java:43)
	at java.lang.reflect.Method.invoke(Method.java:606)
	at org.testng.internal.MethodInvocationHelper.invokeMethod(MethodInvocationHelper.java:84)
	at org.testng.internal.Invoker.invokeConfigurationMethod(Invoker.java:564)
	at org.testng.internal.Invoker.invokeConfigurations(Invoker.java:213)
	at org.testng.internal.Invoker.invokeConfigurations(Invoker.java:138)
	at org.testng.TestRunner.beforeRun(TestRunner.java:641)
	at org.testng.TestRunner.run(TestRunner.java:609)
	at org.testng.SuiteRunner.runTest(SuiteRunner.java:334)
	at org.testng.SuiteRunner.runSequentially(SuiteRunner.java:329)
	at org.testng.SuiteRunner.privateRun(SuiteRunner.java:291)
	at org.testng.SuiteRunner.run(SuiteRunner.java:240)
	at org.testng.SuiteRunnerWorker.runSuite(SuiteRunnerWorker.java:52)
	at org.testng.SuiteRunnerWorker.run(SuiteRunnerWorker.java:86)
	at org.testng.TestNG.runSuitesSequentially(TestNG.java:1224)
	at org.testng.TestNG.runSuitesLocally(TestNG.java:1149)
	at org.testng.TestNG.run(TestNG.java:1057)
	at org.testng.remote.RemoteTestNG.run(RemoteTestNG.java:111)
	at org.testng.remote.RemoteTestNG.initAndRun(RemoteTestNG.java:204)
	at org.testng.remote.RemoteTestNG.main(RemoteTestNG.java:175)
]]>
            </full-stacktrace>
          </exception> <!-- org.testng.SkipException -->
          <reporter-output>
          </reporter-output>
        </test-method> <!-- isSkipped -->
        <test-method status="SKIP" signature="VerifyEngagementDashboardPageLinks()[pri:0, instance:com.SL8Z.testcases.Client.Verify_Engagement_Dashboard_Page_Links@c91629]" name="VerifyEngagementDashboardPageLinks" duration-ms="0" started-at="2014-05-14T11:59:51Z" finished-at="2014-05-14T11:59:51Z">
          <reporter-output>
          </reporter-output>
        </test-method> <!-- VerifyEngagementDashboardPageLinks -->
      </class> <!-- com.SL8Z.testcases.Client.Verify_Engagement_Dashboard_Page_Links -->
    </test> <!-- Verify Engagement Dashboard Page Links -->
    <test name="Verify Action Buttons" duration-ms="3" started-at="2014-05-14T06:29:51Z" finished-at="2014-05-14T06:29:51Z">
      <class name="com.SL8Z.testcases.Client.Verify_Action_Buttons">
        <test-method status="SKIP" signature="isSkipped()[pri:0, instance:com.SL8Z.testcases.Client.Verify_Action_Buttons@208506]" name="isSkipped" is-config="true" duration-ms="0" started-at="2014-05-14T11:59:51Z" finished-at="2014-05-14T11:59:51Z">
          <exception class="org.testng.SkipException">
            <message>
              <![CDATA[Runmode set to No]]>
            </message>
            <full-stacktrace>
              <![CDATA[org.testng.SkipException: Runmode set to No
	at com.SL8Z.testcases.Client.Verify_Action_Buttons.isSkipped(Verify_Action_Buttons.java:16)
	at sun.reflect.NativeMethodAccessorImpl.invoke0(Native Method)
	at sun.reflect.NativeMethodAccessorImpl.invoke(NativeMethodAccessorImpl.java:57)
	at sun.reflect.DelegatingMethodAccessorImpl.invoke(DelegatingMethodAccessorImpl.java:43)
	at java.lang.reflect.Method.invoke(Method.java:606)
	at org.testng.internal.MethodInvocationHelper.invokeMethod(MethodInvocationHelper.java:84)
	at org.testng.internal.Invoker.invokeConfigurationMethod(Invoker.java:564)
	at org.testng.internal.Invoker.invokeConfigurations(Invoker.java:213)
	at org.testng.internal.Invoker.invokeConfigurations(Invoker.java:138)
	at org.testng.TestRunner.beforeRun(TestRunner.java:641)
	at org.testng.TestRunner.run(TestRunner.java:609)
	at org.testng.SuiteRunner.runTest(SuiteRunner.java:334)
	at org.testng.SuiteRunner.runSequentially(SuiteRunner.java:329)
	at org.testng.SuiteRunner.privateRun(SuiteRunner.java:291)
	at org.testng.SuiteRunner.run(SuiteRunner.java:240)
	at org.testng.SuiteRunnerWorker.runSuite(SuiteRunnerWorker.java:52)
	at org.testng.SuiteRunnerWorker.run(SuiteRunnerWorker.java:86)
	at org.testng.TestNG.runSuitesSequentially(TestNG.java:1224)
	at org.testng.TestNG.runSuitesLocally(TestNG.java:1149)
	at org.testng.TestNG.run(TestNG.java:1057)
	at org.testng.remote.RemoteTestNG.run(RemoteTestNG.java:111)
	at org.testng.remote.RemoteTestNG.initAndRun(RemoteTestNG.java:204)
	at org.testng.remote.RemoteTestNG.main(RemoteTestNG.java:175)
]]>
            </full-stacktrace>
          </exception> <!-- org.testng.SkipException -->
          <reporter-output>
          </reporter-output>
        </test-method> <!-- isSkipped -->
        <test-method status="SKIP" signature="VerifyActionButtons(java.lang.String)[pri:0, instance:com.SL8Z.testcases.Client.Verify_Action_Buttons@208506]" name="VerifyActionButtons" duration-ms="0" started-at="2014-05-14T11:59:51Z" data-provider="getData" finished-at="2014-05-14T11:59:51Z">
          <params>
            <param index="0">
              <value>
                <![CDATA[Post 7]]>
              </value>
            </param>
          </params>
          <reporter-output>
          </reporter-output>
        </test-method> <!-- VerifyActionButtons -->
        <test-method status="SKIP" signature="VerifyActionButtons(java.lang.String)[pri:0, instance:com.SL8Z.testcases.Client.Verify_Action_Buttons@208506]" name="VerifyActionButtons" duration-ms="0" started-at="2014-05-14T11:59:51Z" data-provider="getData" finished-at="2014-05-14T11:59:51Z">
          <params>
            <param index="0">
              <value>
                <![CDATA[Post 8]]>
              </value>
            </param>
          </params>
          <reporter-output>
          </reporter-output>
        </test-method> <!-- VerifyActionButtons -->
      </class> <!-- com.SL8Z.testcases.Client.Verify_Action_Buttons -->
    </test> <!-- Verify Action Buttons -->
    <test name="Verify Corresponding Numbers" duration-ms="2" started-at="2014-05-14T06:29:51Z" finished-at="2014-05-14T06:29:51Z">
      <class name="com.SL8Z.testcases.Client.Verify_Corresponding_Numbers">
        <test-method status="SKIP" signature="isSkipped()[pri:0, instance:com.SL8Z.testcases.Client.Verify_Corresponding_Numbers@e6529c]" name="isSkipped" is-config="true" duration-ms="0" started-at="2014-05-14T11:59:51Z" finished-at="2014-05-14T11:59:51Z">
          <exception class="org.testng.SkipException">
            <message>
              <![CDATA[Runmode set to No]]>
            </message>
            <full-stacktrace>
              <![CDATA[org.testng.SkipException: Runmode set to No
	at com.SL8Z.testcases.Client.Verify_Corresponding_Numbers.isSkipped(Verify_Corresponding_Numbers.java:14)
	at sun.reflect.NativeMethodAccessorImpl.invoke0(Native Method)
	at sun.reflect.NativeMethodAccessorImpl.invoke(NativeMethodAccessorImpl.java:57)
	at sun.reflect.DelegatingMethodAccessorImpl.invoke(DelegatingMethodAccessorImpl.java:43)
	at java.lang.reflect.Method.invoke(Method.java:606)
	at org.testng.internal.MethodInvocationHelper.invokeMethod(MethodInvocationHelper.java:84)
	at org.testng.internal.Invoker.invokeConfigurationMethod(Invoker.java:564)
	at org.testng.internal.Invoker.invokeConfigurations(Invoker.java:213)
	at org.testng.internal.Invoker.invokeConfigurations(Invoker.java:138)
	at org.testng.TestRunner.beforeRun(TestRunner.java:641)
	at org.testng.TestRunner.run(TestRunner.java:609)
	at org.testng.SuiteRunner.runTest(SuiteRunner.java:334)
	at org.testng.SuiteRunner.runSequentially(SuiteRunner.java:329)
	at org.testng.SuiteRunner.privateRun(SuiteRunner.java:291)
	at org.testng.SuiteRunner.run(SuiteRunner.java:240)
	at org.testng.SuiteRunnerWorker.runSuite(SuiteRunnerWorker.java:52)
	at org.testng.SuiteRunnerWorker.run(SuiteRunnerWorker.java:86)
	at org.testng.TestNG.runSuitesSequentially(TestNG.java:1224)
	at org.testng.TestNG.runSuitesLocally(TestNG.java:1149)
	at org.testng.TestNG.run(TestNG.java:1057)
	at org.testng.remote.RemoteTestNG.run(RemoteTestNG.java:111)
	at org.testng.remote.RemoteTestNG.initAndRun(RemoteTestNG.java:204)
	at org.testng.remote.RemoteTestNG.main(RemoteTestNG.java:175)
]]>
            </full-stacktrace>
          </exception> <!-- org.testng.SkipException -->
          <reporter-output>
          </reporter-output>
        </test-method> <!-- isSkipped -->
        <test-method status="SKIP" signature="VerifyCorrespondingNumbers()[pri:0, instance:com.SL8Z.testcases.Client.Verify_Corresponding_Numbers@e6529c]" name="VerifyCorrespondingNumbers" duration-ms="0" started-at="2014-05-14T11:59:51Z" finished-at="2014-05-14T11:59:51Z">
          <reporter-output>
          </reporter-output>
        </test-method> <!-- VerifyCorrespondingNumbers -->
      </class> <!-- com.SL8Z.testcases.Client.Verify_Corresponding_Numbers -->
    </test> <!-- Verify Corresponding Numbers -->
    <test name="Verify Corresponding Number Single Job Dashboard" duration-ms="4" started-at="2014-05-14T06:29:51Z" finished-at="2014-05-14T06:29:52Z">
      <class name="com.SL8Z.testcases.Client.Verify_Corresponding_Number_Single_Job_Dashboard$Verify_Corresponding_Numbers">
        <test-method status="SKIP" signature="isSkipped()[pri:0, instance:com.SL8Z.testcases.Client.Verify_Corresponding_Number_Single_Job_Dashboard$Verify_Corresponding_Numbers@6558bb]" name="isSkipped" is-config="true" duration-ms="0" started-at="2014-05-14T11:59:51Z" finished-at="2014-05-14T11:59:51Z">
          <exception class="org.testng.SkipException">
            <message>
              <![CDATA[Runmode set to No]]>
            </message>
            <full-stacktrace>
              <![CDATA[org.testng.SkipException: Runmode set to No
	at com.SL8Z.testcases.Client.Verify_Corresponding_Number_Single_Job_Dashboard$Verify_Corresponding_Numbers.isSkipped(Verify_Corresponding_Number_Single_Job_Dashboard.java:16)
	at sun.reflect.NativeMethodAccessorImpl.invoke0(Native Method)
	at sun.reflect.NativeMethodAccessorImpl.invoke(NativeMethodAccessorImpl.java:57)
	at sun.reflect.DelegatingMethodAccessorImpl.invoke(DelegatingMethodAccessorImpl.java:43)
	at java.lang.reflect.Method.invoke(Method.java:606)
	at org.testng.internal.MethodInvocationHelper.invokeMethod(MethodInvocationHelper.java:84)
	at org.testng.internal.Invoker.invokeConfigurationMethod(Invoker.java:564)
	at org.testng.internal.Invoker.invokeConfigurations(Invoker.java:213)
	at org.testng.internal.Invoker.invokeConfigurations(Invoker.java:138)
	at org.testng.TestRunner.beforeRun(TestRunner.java:641)
	at org.testng.TestRunner.run(TestRunner.java:609)
	at org.testng.SuiteRunner.runTest(SuiteRunner.java:334)
	at org.testng.SuiteRunner.runSequentially(SuiteRunner.java:329)
	at org.testng.SuiteRunner.privateRun(SuiteRunner.java:291)
	at org.testng.SuiteRunner.run(SuiteRunner.java:240)
	at org.testng.SuiteRunnerWorker.runSuite(SuiteRunnerWorker.java:52)
	at org.testng.SuiteRunnerWorker.run(SuiteRunnerWorker.java:86)
	at org.testng.TestNG.runSuitesSequentially(TestNG.java:1224)
	at org.testng.TestNG.runSuitesLocally(TestNG.java:1149)
	at org.testng.TestNG.run(TestNG.java:1057)
	at org.testng.remote.RemoteTestNG.run(RemoteTestNG.java:111)
	at org.testng.remote.RemoteTestNG.initAndRun(RemoteTestNG.java:204)
	at org.testng.remote.RemoteTestNG.main(RemoteTestNG.java:175)
]]>
            </full-stacktrace>
          </exception> <!-- org.testng.SkipException -->
          <reporter-output>
          </reporter-output>
        </test-method> <!-- isSkipped -->
        <test-method status="SKIP" signature="VerifyCorrespondingNumberSingleJobDashboard()[pri:0, instance:com.SL8Z.testcases.Client.Verify_Corresponding_Number_Single_Job_Dashboard$Verify_Corresponding_Numbers@6558bb]" name="VerifyCorrespondingNumberSingleJobDashboard" duration-ms="0" started-at="2014-05-14T11:59:52Z" finished-at="2014-05-14T11:59:52Z">
          <reporter-output>
          </reporter-output>
        </test-method> <!-- VerifyCorrespondingNumberSingleJobDashboard -->
      </class> <!-- com.SL8Z.testcases.Client.Verify_Corresponding_Number_Single_Job_Dashboard$Verify_Corresponding_Numbers -->
    </test> <!-- Verify Corresponding Number Single Job Dashboard -->
    <test name="Verify Action Buttons Single Job Dashboard" duration-ms="8" started-at="2014-05-14T06:29:52Z" finished-at="2014-05-14T06:29:52Z">
      <class name="com.SL8Z.testcases.Client.Verify_Action_Buttons_Single_Job_Dashboard">
        <test-method status="SKIP" signature="isSkipped()[pri:0, instance:com.SL8Z.testcases.Client.Verify_Action_Buttons_Single_Job_Dashboard@176ed77]" name="isSkipped" is-config="true" duration-ms="0" started-at="2014-05-14T11:59:52Z" finished-at="2014-05-14T11:59:52Z">
          <exception class="org.testng.SkipException">
            <message>
              <![CDATA[Runmode set to No]]>
            </message>
            <full-stacktrace>
              <![CDATA[org.testng.SkipException: Runmode set to No
	at com.SL8Z.testcases.Client.Verify_Action_Buttons_Single_Job_Dashboard.isSkipped(Verify_Action_Buttons_Single_Job_Dashboard.java:16)
	at sun.reflect.NativeMethodAccessorImpl.invoke0(Native Method)
	at sun.reflect.NativeMethodAccessorImpl.invoke(NativeMethodAccessorImpl.java:57)
	at sun.reflect.DelegatingMethodAccessorImpl.invoke(DelegatingMethodAccessorImpl.java:43)
	at java.lang.reflect.Method.invoke(Method.java:606)
	at org.testng.internal.MethodInvocationHelper.invokeMethod(MethodInvocationHelper.java:84)
	at org.testng.internal.Invoker.invokeConfigurationMethod(Invoker.java:564)
	at org.testng.internal.Invoker.invokeConfigurations(Invoker.java:213)
	at org.testng.internal.Invoker.invokeConfigurations(Invoker.java:138)
	at org.testng.TestRunner.beforeRun(TestRunner.java:641)
	at org.testng.TestRunner.run(TestRunner.java:609)
	at org.testng.SuiteRunner.runTest(SuiteRunner.java:334)
	at org.testng.SuiteRunner.runSequentially(SuiteRunner.java:329)
	at org.testng.SuiteRunner.privateRun(SuiteRunner.java:291)
	at org.testng.SuiteRunner.run(SuiteRunner.java:240)
	at org.testng.SuiteRunnerWorker.runSuite(SuiteRunnerWorker.java:52)
	at org.testng.SuiteRunnerWorker.run(SuiteRunnerWorker.java:86)
	at org.testng.TestNG.runSuitesSequentially(TestNG.java:1224)
	at org.testng.TestNG.runSuitesLocally(TestNG.java:1149)
	at org.testng.TestNG.run(TestNG.java:1057)
	at org.testng.remote.RemoteTestNG.run(RemoteTestNG.java:111)
	at org.testng.remote.RemoteTestNG.initAndRun(RemoteTestNG.java:204)
	at org.testng.remote.RemoteTestNG.main(RemoteTestNG.java:175)
]]>
            </full-stacktrace>
          </exception> <!-- org.testng.SkipException -->
          <reporter-output>
          </reporter-output>
        </test-method> <!-- isSkipped -->
        <test-method status="SKIP" signature="VerifyActionButtonsSingleJobDashboard(java.lang.String)[pri:0, instance:com.SL8Z.testcases.Client.Verify_Action_Buttons_Single_Job_Dashboard@176ed77]" name="VerifyActionButtonsSingleJobDashboard" duration-ms="0" started-at="2014-05-14T11:59:52Z" data-provider="getData" finished-at="2014-05-14T11:59:52Z">
          <params>
            <param index="0">
              <value>
                <![CDATA[Post 7]]>
              </value>
            </param>
          </params>
          <reporter-output>
          </reporter-output>
        </test-method> <!-- VerifyActionButtonsSingleJobDashboard -->
        <test-method status="SKIP" signature="VerifyActionButtonsSingleJobDashboard(java.lang.String)[pri:0, instance:com.SL8Z.testcases.Client.Verify_Action_Buttons_Single_Job_Dashboard@176ed77]" name="VerifyActionButtonsSingleJobDashboard" duration-ms="0" started-at="2014-05-14T11:59:52Z" data-provider="getData" finished-at="2014-05-14T11:59:52Z">
          <params>
            <param index="0">
              <value>
                <![CDATA[Post 8]]>
              </value>
            </param>
          </params>
          <reporter-output>
          </reporter-output>
        </test-method> <!-- VerifyActionButtonsSingleJobDashboard -->
      </class> <!-- com.SL8Z.testcases.Client.Verify_Action_Buttons_Single_Job_Dashboard -->
    </test> <!-- Verify Action Buttons Single Job Dashboard -->
    <test name="Verify Candidate Is Presented" duration-ms="13" started-at="2014-05-14T06:29:52Z" finished-at="2014-05-14T06:29:52Z">
      <class name="com.SL8Z.testcases.Partner.Verify_Candidate_Is_Presented">
        <test-method status="PASS" signature="clearCookies()[pri:0, instance:com.SL8Z.testcases.Partner.Verify_Candidate_Is_Presented@127ffd7]" name="clearCookies" is-config="true" duration-ms="11" started-at="2014-05-14T11:59:52Z" finished-at="2014-05-14T11:59:52Z">
          <reporter-output>
          </reporter-output>
        </test-method> <!-- clearCookies -->
        <test-method status="SKIP" signature="isSkipped()[pri:0, instance:com.SL8Z.testcases.Partner.Verify_Candidate_Is_Presented@127ffd7]" name="isSkipped" is-config="true" duration-ms="0" started-at="2014-05-14T11:59:52Z" depends-on-methods="com.SL8Z.base.TestBase.clearCookies" finished-at="2014-05-14T11:59:52Z">
          <exception class="org.testng.SkipException">
            <message>
              <![CDATA[Runmode set to No]]>
            </message>
            <full-stacktrace>
              <![CDATA[org.testng.SkipException: Runmode set to No
	at com.SL8Z.testcases.Partner.Verify_Candidate_Is_Presented.isSkipped(Verify_Candidate_Is_Presented.java:16)
	at sun.reflect.NativeMethodAccessorImpl.invoke0(Native Method)
	at sun.reflect.NativeMethodAccessorImpl.invoke(NativeMethodAccessorImpl.java:57)
	at sun.reflect.DelegatingMethodAccessorImpl.invoke(DelegatingMethodAccessorImpl.java:43)
	at java.lang.reflect.Method.invoke(Method.java:606)
	at org.testng.internal.MethodInvocationHelper.invokeMethod(MethodInvocationHelper.java:84)
	at org.testng.internal.Invoker.invokeConfigurationMethod(Invoker.java:564)
	at org.testng.internal.Invoker.invokeConfigurations(Invoker.java:213)
	at org.testng.internal.Invoker.invokeConfigurations(Invoker.java:138)
	at org.testng.TestRunner.beforeRun(TestRunner.java:641)
	at org.testng.TestRunner.run(TestRunner.java:609)
	at org.testng.SuiteRunner.runTest(SuiteRunner.java:334)
	at org.testng.SuiteRunner.runSequentially(SuiteRunner.java:329)
	at org.testng.SuiteRunner.privateRun(SuiteRunner.java:291)
	at org.testng.SuiteRunner.run(SuiteRunner.java:240)
	at org.testng.SuiteRunnerWorker.runSuite(SuiteRunnerWorker.java:52)
	at org.testng.SuiteRunnerWorker.run(SuiteRunnerWorker.java:86)
	at org.testng.TestNG.runSuitesSequentially(TestNG.java:1224)
	at org.testng.TestNG.runSuitesLocally(TestNG.java:1149)
	at org.testng.TestNG.run(TestNG.java:1057)
	at org.testng.remote.RemoteTestNG.run(RemoteTestNG.java:111)
	at org.testng.remote.RemoteTestNG.initAndRun(RemoteTestNG.java:204)
	at org.testng.remote.RemoteTestNG.main(RemoteTestNG.java:175)
]]>
            </full-stacktrace>
          </exception> <!-- org.testng.SkipException -->
          <reporter-output>
          </reporter-output>
        </test-method> <!-- isSkipped -->
        <test-method status="SKIP" signature="VerifyCandidateIsPresented()[pri:0, instance:com.SL8Z.testcases.Partner.Verify_Candidate_Is_Presented@127ffd7]" name="VerifyCandidateIsPresented" duration-ms="0" started-at="2014-05-14T11:59:52Z" finished-at="2014-05-14T11:59:52Z">
          <reporter-output>
          </reporter-output>
        </test-method> <!-- VerifyCandidateIsPresented -->
      </class> <!-- com.SL8Z.testcases.Partner.Verify_Candidate_Is_Presented -->
    </test> <!-- Verify Candidate Is Presented -->
    <test name="Verify Partner Client Side Validation" duration-ms="21" started-at="2014-05-14T06:29:52Z" finished-at="2014-05-14T06:29:52Z">
      <class name="com.SL8Z.testcases.Partner.Verify_Partner_Client_Side_Validation">
        <test-method status="PASS" signature="clearCookies()[pri:0, instance:com.SL8Z.testcases.Partner.Verify_Partner_Client_Side_Validation@92fe09]" name="clearCookies" is-config="true" duration-ms="18" started-at="2014-05-14T11:59:52Z" finished-at="2014-05-14T11:59:52Z">
          <reporter-output>
          </reporter-output>
        </test-method> <!-- clearCookies -->
        <test-method status="SKIP" signature="isSkipped()[pri:0, instance:com.SL8Z.testcases.Partner.Verify_Partner_Client_Side_Validation@92fe09]" name="isSkipped" is-config="true" duration-ms="0" started-at="2014-05-14T11:59:52Z" depends-on-methods="com.SL8Z.base.TestBase.clearCookies" finished-at="2014-05-14T11:59:52Z">
          <exception class="org.testng.SkipException">
            <message>
              <![CDATA[Runmode set to No]]>
            </message>
            <full-stacktrace>
              <![CDATA[org.testng.SkipException: Runmode set to No
	at com.SL8Z.testcases.Partner.Verify_Partner_Client_Side_Validation.isSkipped(Verify_Partner_Client_Side_Validation.java:16)
	at sun.reflect.NativeMethodAccessorImpl.invoke0(Native Method)
	at sun.reflect.NativeMethodAccessorImpl.invoke(NativeMethodAccessorImpl.java:57)
	at sun.reflect.DelegatingMethodAccessorImpl.invoke(DelegatingMethodAccessorImpl.java:43)
	at java.lang.reflect.Method.invoke(Method.java:606)
	at org.testng.internal.MethodInvocationHelper.invokeMethod(MethodInvocationHelper.java:84)
	at org.testng.internal.Invoker.invokeConfigurationMethod(Invoker.java:564)
	at org.testng.internal.Invoker.invokeConfigurations(Invoker.java:213)
	at org.testng.internal.Invoker.invokeConfigurations(Invoker.java:138)
	at org.testng.TestRunner.beforeRun(TestRunner.java:641)
	at org.testng.TestRunner.run(TestRunner.java:609)
	at org.testng.SuiteRunner.runTest(SuiteRunner.java:334)
	at org.testng.SuiteRunner.runSequentially(SuiteRunner.java:329)
	at org.testng.SuiteRunner.privateRun(SuiteRunner.java:291)
	at org.testng.SuiteRunner.run(SuiteRunner.java:240)
	at org.testng.SuiteRunnerWorker.runSuite(SuiteRunnerWorker.java:52)
	at org.testng.SuiteRunnerWorker.run(SuiteRunnerWorker.java:86)
	at org.testng.TestNG.runSuitesSequentially(TestNG.java:1224)
	at org.testng.TestNG.runSuitesLocally(TestNG.java:1149)
	at org.testng.TestNG.run(TestNG.java:1057)
	at org.testng.remote.RemoteTestNG.run(RemoteTestNG.java:111)
	at org.testng.remote.RemoteTestNG.initAndRun(RemoteTestNG.java:204)
	at org.testng.remote.RemoteTestNG.main(RemoteTestNG.java:175)
]]>
            </full-stacktrace>
          </exception> <!-- org.testng.SkipException -->
          <reporter-output>
          </reporter-output>
        </test-method> <!-- isSkipped -->
        <test-method status="SKIP" signature="VerifyPartnerClientSideValidation()[pri:0, instance:com.SL8Z.testcases.Partner.Verify_Partner_Client_Side_Validation@92fe09]" name="VerifyPartnerClientSideValidation" duration-ms="1" started-at="2014-05-14T11:59:52Z" finished-at="2014-05-14T11:59:52Z">
          <reporter-output>
          </reporter-output>
        </test-method> <!-- VerifyPartnerClientSideValidation -->
      </class> <!-- com.SL8Z.testcases.Partner.Verify_Partner_Client_Side_Validation -->
    </test> <!-- Verify Partner Client Side Validation -->
    <test name="Verify Partner Server Side Validation" duration-ms="13" started-at="2014-05-14T06:29:52Z" finished-at="2014-05-14T06:29:52Z">
      <class name="com.SL8Z.testcases.Partner.Verify_Partner_Server_Side_Validation">
        <test-method status="PASS" signature="clearCookies()[pri:0, instance:com.SL8Z.testcases.Partner.Verify_Partner_Server_Side_Validation@d5fcfe]" name="clearCookies" is-config="true" duration-ms="11" started-at="2014-05-14T11:59:52Z" finished-at="2014-05-14T11:59:52Z">
          <reporter-output>
          </reporter-output>
        </test-method> <!-- clearCookies -->
        <test-method status="SKIP" signature="isSkipped()[pri:0, instance:com.SL8Z.testcases.Partner.Verify_Partner_Server_Side_Validation@d5fcfe]" name="isSkipped" is-config="true" duration-ms="0" started-at="2014-05-14T11:59:52Z" depends-on-methods="com.SL8Z.base.TestBase.clearCookies" finished-at="2014-05-14T11:59:52Z">
          <exception class="org.testng.SkipException">
            <message>
              <![CDATA[Runmode set to No]]>
            </message>
            <full-stacktrace>
              <![CDATA[org.testng.SkipException: Runmode set to No
	at com.SL8Z.testcases.Partner.Verify_Partner_Server_Side_Validation.isSkipped(Verify_Partner_Server_Side_Validation.java:19)
	at sun.reflect.NativeMethodAccessorImpl.invoke0(Native Method)
	at sun.reflect.NativeMethodAccessorImpl.invoke(NativeMethodAccessorImpl.java:57)
	at sun.reflect.DelegatingMethodAccessorImpl.invoke(DelegatingMethodAccessorImpl.java:43)
	at java.lang.reflect.Method.invoke(Method.java:606)
	at org.testng.internal.MethodInvocationHelper.invokeMethod(MethodInvocationHelper.java:84)
	at org.testng.internal.Invoker.invokeConfigurationMethod(Invoker.java:564)
	at org.testng.internal.Invoker.invokeConfigurations(Invoker.java:213)
	at org.testng.internal.Invoker.invokeConfigurations(Invoker.java:138)
	at org.testng.TestRunner.beforeRun(TestRunner.java:641)
	at org.testng.TestRunner.run(TestRunner.java:609)
	at org.testng.SuiteRunner.runTest(SuiteRunner.java:334)
	at org.testng.SuiteRunner.runSequentially(SuiteRunner.java:329)
	at org.testng.SuiteRunner.privateRun(SuiteRunner.java:291)
	at org.testng.SuiteRunner.run(SuiteRunner.java:240)
	at org.testng.SuiteRunnerWorker.runSuite(SuiteRunnerWorker.java:52)
	at org.testng.SuiteRunnerWorker.run(SuiteRunnerWorker.java:86)
	at org.testng.TestNG.runSuitesSequentially(TestNG.java:1224)
	at org.testng.TestNG.runSuitesLocally(TestNG.java:1149)
	at org.testng.TestNG.run(TestNG.java:1057)
	at org.testng.remote.RemoteTestNG.run(RemoteTestNG.java:111)
	at org.testng.remote.RemoteTestNG.initAndRun(RemoteTestNG.java:204)
	at org.testng.remote.RemoteTestNG.main(RemoteTestNG.java:175)
]]>
            </full-stacktrace>
          </exception> <!-- org.testng.SkipException -->
          <reporter-output>
          </reporter-output>
        </test-method> <!-- isSkipped -->
        <test-method status="SKIP" signature="VerifyPartnerServerSideValidation()[pri:0, instance:com.SL8Z.testcases.Partner.Verify_Partner_Server_Side_Validation@d5fcfe]" name="VerifyPartnerServerSideValidation" duration-ms="0" started-at="2014-05-14T11:59:52Z" finished-at="2014-05-14T11:59:52Z">
          <reporter-output>
          </reporter-output>
        </test-method> <!-- VerifyPartnerServerSideValidation -->
      </class> <!-- com.SL8Z.testcases.Partner.Verify_Partner_Server_Side_Validation -->
    </test> <!-- Verify Partner Server Side Validation -->
    <test name="Verify Partner Quick Preview Buttons" duration-ms="15" started-at="2014-05-14T06:29:52Z" finished-at="2014-05-14T06:29:52Z">
      <class name="com.SL8Z.testcases.Partner.Verify_Partner_Quick_Preview_Buttons">
        <test-method status="PASS" signature="clearCookies()[pri:0, instance:com.SL8Z.testcases.Partner.Verify_Partner_Quick_Preview_Buttons@133fe5d]" name="clearCookies" is-config="true" duration-ms="12" started-at="2014-05-14T11:59:52Z" finished-at="2014-05-14T11:59:52Z">
          <reporter-output>
          </reporter-output>
        </test-method> <!-- clearCookies -->
        <test-method status="SKIP" signature="isSkipped()[pri:0, instance:com.SL8Z.testcases.Partner.Verify_Partner_Quick_Preview_Buttons@133fe5d]" name="isSkipped" is-config="true" duration-ms="0" started-at="2014-05-14T11:59:52Z" depends-on-methods="com.SL8Z.base.TestBase.clearCookies" finished-at="2014-05-14T11:59:52Z">
          <exception class="org.testng.SkipException">
            <message>
              <![CDATA[Runmode set to No]]>
            </message>
            <full-stacktrace>
              <![CDATA[org.testng.SkipException: Runmode set to No
	at com.SL8Z.testcases.Partner.Verify_Partner_Quick_Preview_Buttons.isSkipped(Verify_Partner_Quick_Preview_Buttons.java:17)
	at sun.reflect.NativeMethodAccessorImpl.invoke0(Native Method)
	at sun.reflect.NativeMethodAccessorImpl.invoke(NativeMethodAccessorImpl.java:57)
	at sun.reflect.DelegatingMethodAccessorImpl.invoke(DelegatingMethodAccessorImpl.java:43)
	at java.lang.reflect.Method.invoke(Method.java:606)
	at org.testng.internal.MethodInvocationHelper.invokeMethod(MethodInvocationHelper.java:84)
	at org.testng.internal.Invoker.invokeConfigurationMethod(Invoker.java:564)
	at org.testng.internal.Invoker.invokeConfigurations(Invoker.java:213)
	at org.testng.internal.Invoker.invokeConfigurations(Invoker.java:138)
	at org.testng.TestRunner.beforeRun(TestRunner.java:641)
	at org.testng.TestRunner.run(TestRunner.java:609)
	at org.testng.SuiteRunner.runTest(SuiteRunner.java:334)
	at org.testng.SuiteRunner.runSequentially(SuiteRunner.java:329)
	at org.testng.SuiteRunner.privateRun(SuiteRunner.java:291)
	at org.testng.SuiteRunner.run(SuiteRunner.java:240)
	at org.testng.SuiteRunnerWorker.runSuite(SuiteRunnerWorker.java:52)
	at org.testng.SuiteRunnerWorker.run(SuiteRunnerWorker.java:86)
	at org.testng.TestNG.runSuitesSequentially(TestNG.java:1224)
	at org.testng.TestNG.runSuitesLocally(TestNG.java:1149)
	at org.testng.TestNG.run(TestNG.java:1057)
	at org.testng.remote.RemoteTestNG.run(RemoteTestNG.java:111)
	at org.testng.remote.RemoteTestNG.initAndRun(RemoteTestNG.java:204)
	at org.testng.remote.RemoteTestNG.main(RemoteTestNG.java:175)
]]>
            </full-stacktrace>
          </exception> <!-- org.testng.SkipException -->
          <reporter-output>
          </reporter-output>
        </test-method> <!-- isSkipped -->
        <test-method status="SKIP" signature="VerifyPartnerQuickPreviewButtons()[pri:0, instance:com.SL8Z.testcases.Partner.Verify_Partner_Quick_Preview_Buttons@133fe5d]" name="VerifyPartnerQuickPreviewButtons" duration-ms="0" started-at="2014-05-14T11:59:52Z" finished-at="2014-05-14T11:59:52Z">
          <reporter-output>
          </reporter-output>
        </test-method> <!-- VerifyPartnerQuickPreviewButtons -->
      </class> <!-- com.SL8Z.testcases.Partner.Verify_Partner_Quick_Preview_Buttons -->
    </test> <!-- Verify Partner Quick Preview Buttons -->
    <test name="Verify Partner Side Engagement Dashboard Page Links" duration-ms="52440" started-at="2014-05-14T06:29:52Z" finished-at="2014-05-14T06:30:44Z">
      <class name="com.SL8Z.testcases.Partner.Verify_Partner_Side_Engagement_Dashboard_Page_Links">
        <test-method status="PASS" signature="isSkipped()[pri:0, instance:com.SL8Z.testcases.Partner.Verify_Partner_Side_Engagement_Dashboard_Page_Links@58a983]" name="isSkipped" is-config="true" duration-ms="1" started-at="2014-05-14T11:59:52Z" finished-at="2014-05-14T11:59:52Z">
          <reporter-output>
          </reporter-output>
        </test-method> <!-- isSkipped -->
        <test-method status="FAIL" signature="VerifyPartnerSideEngagementDashboardPageLinks()[pri:0, instance:com.SL8Z.testcases.Partner.Verify_Partner_Side_Engagement_Dashboard_Page_Links@58a983]" name="VerifyPartnerSideEngagementDashboardPageLinks" duration-ms="52438" started-at="2014-05-14T11:59:52Z" finished-at="2014-05-14T12:00:44Z">
          <exception class="java.lang.AssertionError">
            <message>
              <![CDATA[Position ID MisMatched expected [true] but found [false]]]>
            </message>
            <full-stacktrace>
              <![CDATA[java.lang.AssertionError: Position ID MisMatched expected [true] but found [false]
	at org.testng.Assert.fail(Assert.java:94)
	at org.testng.Assert.failNotEquals(Assert.java:494)
	at org.testng.Assert.assertTrue(Assert.java:42)
	at com.SL8Z.utility.TestUtil.VerifyPartnerSideEngagementPageLinks(TestUtil.java:2889)
	at com.SL8Z.testcases.Partner.Verify_Partner_Side_Engagement_Dashboard_Page_Links.VerifyPartnerSideEngagementDashboardPageLinks(Verify_Partner_Side_Engagement_Dashboard_Page_Links.java:27)
	at sun.reflect.NativeMethodAccessorImpl.invoke0(Native Method)
	at sun.reflect.NativeMethodAccessorImpl.invoke(NativeMethodAccessorImpl.java:57)
	at sun.reflect.DelegatingMethodAccessorImpl.invoke(DelegatingMethodAccessorImpl.java:43)
	at java.lang.reflect.Method.invoke(Method.java:606)
	at org.testng.internal.MethodInvocationHelper.invokeMethod(MethodInvocationHelper.java:84)
	at org.testng.internal.Invoker.invokeMethod(Invoker.java:714)
	at org.testng.internal.Invoker.invokeTestMethod(Invoker.java:901)
	at org.testng.internal.Invoker.invokeTestMethods(Invoker.java:1231)
	at org.testng.internal.TestMethodWorker.invokeTestMethods(TestMethodWorker.java:127)
	at org.testng.internal.TestMethodWorker.run(TestMethodWorker.java:111)
	at org.testng.TestRunner.privateRun(TestRunner.java:767)
	at org.testng.TestRunner.run(TestRunner.java:617)
	at org.testng.SuiteRunner.runTest(SuiteRunner.java:334)
	at org.testng.SuiteRunner.runSequentially(SuiteRunner.java:329)
	at org.testng.SuiteRunner.privateRun(SuiteRunner.java:291)
	at org.testng.SuiteRunner.run(SuiteRunner.java:240)
	at org.testng.SuiteRunnerWorker.runSuite(SuiteRunnerWorker.java:52)
	at org.testng.SuiteRunnerWorker.run(SuiteRunnerWorker.java:86)
	at org.testng.TestNG.runSuitesSequentially(TestNG.java:1224)
	at org.testng.TestNG.runSuitesLocally(TestNG.java:1149)
	at org.testng.TestNG.run(TestNG.java:1057)
	at org.testng.remote.RemoteTestNG.run(RemoteTestNG.java:111)
	at org.testng.remote.RemoteTestNG.initAndRun(RemoteTestNG.java:204)
	at org.testng.remote.RemoteTestNG.main(RemoteTestNG.java:175)
]]>
            </full-stacktrace>
          </exception> <!-- java.lang.AssertionError -->
          <reporter-output>
            <line>
              <![CDATA[Navigated to QA Server]]>
            </line>
            <line>
              <![CDATA[Clicked on Login Link]]>
            </line>
            <line>
              <![CDATA[Clicked on Login button]]>
            </line>
            <line>
              <![CDATA[Clicked on Profile Link]]>
            </line>
            <line>
              <![CDATA[Verified Profile link is navigated to profile page]]>
            </line>
            <line>
              <![CDATA[Clicked on Dashboard Link]]>
            </line>
            <line>
              <![CDATA[Verified Dashboard link is navigated to Engagement Dashboard page]]>
            </line>
            <line>
              <![CDATA[Verified Position link is navigated to single job dashboard page]]>
            </line>
          </reporter-output>
        </test-method> <!-- VerifyPartnerSideEngagementDashboardPageLinks -->
      </class> <!-- com.SL8Z.testcases.Partner.Verify_Partner_Side_Engagement_Dashboard_Page_Links -->
      <class name="com.SL8Z.testcases.Partner.Verify_Partner_Quick_Preview_Buttons">
        <test-method status="PASS" signature="initialize()[pri:0, instance:com.SL8Z.testcases.Partner.Verify_Partner_Quick_Preview_Buttons@133fe5d]" name="initialize" is-config="true" duration-ms="2889" started-at="2014-05-14T11:59:48Z" finished-at="2014-05-14T11:59:51Z">
          <reporter-output>
          </reporter-output>
        </test-method> <!-- initialize -->
        <test-method status="PASS" signature="closeBrowser()[pri:0, instance:com.SL8Z.testcases.Partner.Verify_Partner_Quick_Preview_Buttons@133fe5d]" name="closeBrowser" is-config="true" duration-ms="1134" started-at="2014-05-14T12:00:44Z" finished-at="2014-05-14T12:00:45Z">
          <reporter-output>
          </reporter-output>
        </test-method> <!-- closeBrowser -->
      </class> <!-- com.SL8Z.testcases.Partner.Verify_Partner_Quick_Preview_Buttons -->
    </test> <!-- Verify Partner Side Engagement Dashboard Page Links -->
  </suite> <!-- SL8Z Test Suite -->
</testng-results>
