<?xml version="1.0" encoding="UTF-8"?>
<!-- Generated by org.testng.reporters.JUnitXMLReporter -->
<testsuite hostname="i-PC" name="Create New Search" tests="2" failures="0" timestamp="14 May 2014 06:29:51 GMT" time="0.634" errors="0">
  <testcase name="@BeforeTest isSkipped" time="0.0" classname="com.SL8Z.testcases.Client.Create_New_Search">
    <skipped/>
  </testcase> <!-- @BeforeTest isSkipped -->
  <testcase name="CreateNewSearch" time="0.001" classname="com.SL8Z.testcases.Client.Create_New_Search">
    <skipped/>
  </testcase> <!-- CreateNewSearch -->
  <testcase name="CreateNewSearch" time="0.0" classname="com.SL8Z.testcases.Client.Create_New_Search">
    <skipped/>
  </testcase> <!-- CreateNewSearch -->
</testsuite> <!-- Create New Search -->
