<?xml version="1.0" encoding="UTF-8"?>
<!-- Generated by org.testng.reporters.JUnitXMLReporter -->
<testsuite hostname="i-PC" name="Verify Partner Side Engagement Dashboard Page Links" tests="1" failures="1" timestamp="14 May 2014 06:30:44 GMT" time="52.44" errors="0">
  <testcase name="VerifyPartnerSideEngagementDashboardPageLinks" time="52.438" classname="com.SL8Z.testcases.Partner.Verify_Partner_Side_Engagement_Dashboard_Page_Links">
    <failure type="java.lang.AssertionError" message="Position ID MisMatched expected [true] but found [false]">
      <![CDATA[java.lang.AssertionError: Position ID MisMatched expected [true] but found [false]
	at com.SL8Z.utility.TestUtil.VerifyPartnerSideEngagementPageLinks(TestUtil.java:2889)
	at com.SL8Z.testcases.Partner.Verify_Partner_Side_Engagement_Dashboard_Page_Links.VerifyPartnerSideEngagementDashboardPageLinks(Verify_Partner_Side_Engagement_Dashboard_Page_Links.java:27)
... Removed 27 stack frames]]>
    </failure>
  </testcase> <!-- VerifyPartnerSideEngagementDashboardPageLinks -->
</testsuite> <!-- Verify Partner Side Engagement Dashboard Page Links -->
