<?xml version="1.0" encoding="UTF-8"?>
<!-- Generated by org.testng.reporters.JUnitXMLReporter -->
<testsuite hostname="i-PC" name="Verify Action Buttons Single Job Dashboard" tests="2" failures="0" timestamp="14 May 2014 06:29:52 GMT" time="0.008" errors="0">
  <testcase name="@BeforeTest isSkipped" time="0.0" classname="com.SL8Z.testcases.Client.Verify_Action_Buttons_Single_Job_Dashboard">
    <skipped/>
  </testcase> <!-- @BeforeTest isSkipped -->
  <testcase name="VerifyActionButtonsSingleJobDashboard" time="0.0" classname="com.SL8Z.testcases.Client.Verify_Action_Buttons_Single_Job_Dashboard">
    <skipped/>
  </testcase> <!-- VerifyActionButtonsSingleJobDashboard -->
  <testcase name="VerifyActionButtonsSingleJobDashboard" time="0.0" classname="com.SL8Z.testcases.Client.Verify_Action_Buttons_Single_Job_Dashboard">
    <skipped/>
  </testcase> <!-- VerifyActionButtonsSingleJobDashboard -->
</testsuite> <!-- Verify Action Buttons Single Job Dashboard -->
