<?xml version="1.0" encoding="UTF-8"?>
<!-- Generated by org.testng.reporters.JUnitXMLReporter -->
<testsuite hostname="i-PC" name="Verify Partner Quick Preview Buttons" tests="1" failures="0" timestamp="14 May 2014 06:29:52 GMT" time="0.015" errors="0">
  <testcase name="@BeforeTest isSkipped" time="0.0" classname="com.SL8Z.testcases.Partner.Verify_Partner_Quick_Preview_Buttons">
    <skipped/>
  </testcase> <!-- @BeforeTest isSkipped -->
  <testcase name="VerifyPartnerQuickPreviewButtons" time="0.0" classname="com.SL8Z.testcases.Partner.Verify_Partner_Quick_Preview_Buttons">
    <skipped/>
  </testcase> <!-- VerifyPartnerQuickPreviewButtons -->
</testsuite> <!-- Verify Partner Quick Preview Buttons -->
