<?xml version="1.0" encoding="UTF-8"?>
<!-- Generated by org.testng.reporters.JUnitXMLReporter -->
<testsuite hostname="i-PC" name="Verify Engagement Dashboard Page Links" tests="1" failures="0" timestamp="14 May 2014 06:29:51 GMT" time="0.002" errors="0">
  <testcase name="@BeforeTest isSkipped" time="0.0" classname="com.SL8Z.testcases.Client.Verify_Engagement_Dashboard_Page_Links">
    <skipped/>
  </testcase> <!-- @BeforeTest isSkipped -->
  <testcase name="VerifyEngagementDashboardPageLinks" time="0.0" classname="com.SL8Z.testcases.Client.Verify_Engagement_Dashboard_Page_Links">
    <skipped/>
  </testcase> <!-- VerifyEngagementDashboardPageLinks -->
</testsuite> <!-- Verify Engagement Dashboard Page Links -->
