<?xml version="1.0" encoding="UTF-8"?>
<!-- Generated by org.testng.reporters.JUnitXMLReporter -->
<testsuite hostname="i-PC" name="Verify Corresponding Numbers" tests="1" failures="0" timestamp="25 Apr 2014 12:19:25 GMT" time="0.002" errors="0">
  <testcase name="@BeforeTest isSkipped" time="0.0" classname="com.SL8Z.testcases.Client.Verify_Corresponding_Numbers">
    <skipped/>
  </testcase> <!-- @BeforeTest isSkipped -->
  <testcase name="VerifyCorrespondingNumbers" time="0.001" classname="com.SL8Z.testcases.Client.Verify_Corresponding_Numbers">
    <skipped/>
  </testcase> <!-- VerifyCorrespondingNumbers -->
</testsuite> <!-- Verify Corresponding Numbers -->
