<?xml version="1.0" encoding="UTF-8"?>
<!-- Generated by org.testng.reporters.JUnitXMLReporter -->
<testsuite hostname="i-PC" name="Verify Action Buttons" tests="2" failures="0" timestamp="15 May 2014 10:32:10 GMT" time="0.002" errors="0">
  <testcase name="@BeforeTest isSkipped" time="0.0" classname="com.SL8Z.testcases.Client.Verify_Action_Buttons">
    <skipped/>
  </testcase> <!-- @BeforeTest isSkipped -->
  <testcase name="VerifyActionButtons" time="0.0" classname="com.SL8Z.testcases.Client.Verify_Action_Buttons">
    <skipped/>
  </testcase> <!-- VerifyActionButtons -->
  <testcase name="VerifyActionButtons" time="0.0" classname="com.SL8Z.testcases.Client.Verify_Action_Buttons">
    <skipped/>
  </testcase> <!-- VerifyActionButtons -->
</testsuite> <!-- Verify Action Buttons -->
