<?xml version="1.0" encoding="UTF-8"?>
<!-- Generated by org.testng.reporters.JUnitXMLReporter -->
<testsuite hostname="i-PC" name="Verify Candidate Is Presented" tests="1" failures="0" timestamp="15 May 2014 10:32:10 GMT" time="0.007" errors="0">
  <testcase name="@BeforeTest isSkipped" time="0.0" classname="com.SL8Z.testcases.Partner.Verify_Candidate_Is_Presented">
    <skipped/>
  </testcase> <!-- @BeforeTest isSkipped -->
  <testcase name="VerifyCandidateIsPresented" time="0.0" classname="com.SL8Z.testcases.Partner.Verify_Candidate_Is_Presented">
    <skipped/>
  </testcase> <!-- VerifyCandidateIsPresented -->
</testsuite> <!-- Verify Candidate Is Presented -->
