<?xml version="1.0" encoding="UTF-8"?>
<!-- Generated by org.testng.reporters.JUnitXMLReporter -->
<testsuite hostname="i-PC" name="Verify Partner Quick Preview Buttons" tests="1" failures="1" timestamp="15 May 2014 10:32:21 GMT" time="11.01" errors="0">
  <testcase name="VerifyPartnerQuickPreviewButtons" time="11.0" classname="com.SL8Z.testcases.Partner.Verify_Partner_Quick_Preview_Buttons">
    <failure type="java.lang.AssertionError" message="This script is failing">
      <![CDATA[java.lang.AssertionError: This script is failing
	at com.SL8Z.utility.TestUtil.SL8Z_Homepage(TestUtil.java:47)
	at com.SL8Z.testcases.Partner.Verify_Partner_Quick_Preview_Buttons.VerifyPartnerQuickPreviewButtons(Verify_Partner_Quick_Preview_Buttons.java:23)
... Removed 28 stack frames]]>
    </failure>
  </testcase> <!-- VerifyPartnerQuickPreviewButtons -->
</testsuite> <!-- Verify Partner Quick Preview Buttons -->
