<?xml version="1.0" encoding="UTF-8"?>
<!-- Generated by org.testng.reporters.JUnitXMLReporter -->
<testsuite hostname="i-PC" name="Verify Partner Side Engagement Dashboard Page Links" tests="1" failures="0" timestamp="15 May 2014 10:32:21 GMT" time="0.002" errors="0">
  <testcase name="@BeforeTest isSkipped" time="0.0" classname="com.SL8Z.testcases.Partner.Verify_Partner_Side_Engagement_Dashboard_Page_Links">
    <skipped/>
  </testcase> <!-- @BeforeTest isSkipped -->
  <testcase name="VerifyPartnerSideEngagementDashboardPageLinks" time="0.0" classname="com.SL8Z.testcases.Partner.Verify_Partner_Side_Engagement_Dashboard_Page_Links">
    <skipped/>
  </testcase> <!-- VerifyPartnerSideEngagementDashboardPageLinks -->
</testsuite> <!-- Verify Partner Side Engagement Dashboard Page Links -->
