<?xml version="1.0" encoding="UTF-8"?>
<!-- Generated by org.testng.reporters.JUnitXMLReporter -->
<testsuite hostname="i-PC" name="Verify Server Side Validation" tests="1" failures="0" timestamp="15 May 2014 10:32:10 GMT" time="0.009" errors="0">
  <testcase name="@BeforeTest isSkipped" time="0.0" classname="com.SL8Z.testcases.Client.Verify_Server_Side_Validation">
    <skipped/>
  </testcase> <!-- @BeforeTest isSkipped -->
  <testcase name="VerifyServerSideValidation" time="0.0" classname="com.SL8Z.testcases.Client.Verify_Server_Side_Validation">
    <skipped/>
  </testcase> <!-- VerifyServerSideValidation -->
</testsuite> <!-- Verify Server Side Validation -->
