<?xml version="1.0" encoding="UTF-8"?>
<!-- Generated by org.testng.reporters.JUnitXMLReporter -->
<testsuite hostname="i-PC" name="Verify Partner Server Side Validation" tests="1" failures="0" timestamp="15 May 2014 10:32:10 GMT" time="0.006" errors="0">
  <testcase name="@BeforeTest isSkipped" time="0.0" classname="com.SL8Z.testcases.Partner.Verify_Partner_Server_Side_Validation">
    <skipped/>
  </testcase> <!-- @BeforeTest isSkipped -->
  <testcase name="VerifyPartnerServerSideValidation" time="0.0" classname="com.SL8Z.testcases.Partner.Verify_Partner_Server_Side_Validation">
    <skipped/>
  </testcase> <!-- VerifyPartnerServerSideValidation -->
</testsuite> <!-- Verify Partner Server Side Validation -->
